<?xml version="1.0" encoding="UTF-8"?>
<!-- Generated by org.testng.reporters.JUnitReportReporter -->
<testsuite skipped="0" hostname="DESKTOP-UUA41H2" name="com.testng.class01.TitleLogoAndLoginValidation" tests="1" failures="0" timestamp="2020-05-19T23:04:59 EDT" time="11.735" errors="0">
  <testcase name="validLogin" time="11.735" classname="com.testng.class01.TitleLogoAndLoginValidation"/>
  <system-out/>
</testsuite> <!-- com.testng.class01.TitleLogoAndLoginValidation -->
