<?xml version="1.0" encoding="UTF-8"?>
<!-- Generated by org.testng.reporters.JUnitReportReporter -->
<testsuite skipped="0" hostname="DESKTOP-UUA41H2" name="com.test.sauceDemoTest" tests="4" failures="0" timestamp="2020-05-28T22:52:36 EDT" time="45.178" errors="0">
  <testcase name="loginToSauceDemo" time="10.551" classname="com.test.sauceDemoTest"/>
  <system-out/>
  <testcase name="loginToSauceDemo" time="10.014" classname="com.test.sauceDemoTest"/>
  <system-out/>
  <testcase name="loginToSauceDemo" time="9.781" classname="com.test.sauceDemoTest"/>
  <system-out/>
  <testcase name="loginToSauceDemo" time="14.832" classname="com.test.sauceDemoTest"/>
  <system-out/>
</testsuite> <!-- com.test.sauceDemoTest -->
