<?xml version="1.0" encoding="UTF-8"?>
<!-- Generated by org.testng.reporters.JUnitReportReporter -->
<testsuite skipped="0" hostname="DESKTOP-UUA41H2" name="com.testng.class01.TaskTwo" tests="3" failures="0" timestamp="2020-05-19T20:44:56 EDT" time="0.011" errors="0">
  <testcase name="test1" time="0.005" classname="com.testng.class01.TaskTwo"/>
  <system-out/>
  <testcase name="test3" time="0.003" classname="com.testng.class01.TaskTwo"/>
  <system-out/>
  <testcase name="test2" time="0.003" classname="com.testng.class01.TaskTwo"/>
  <system-out/>
</testsuite> <!-- com.testng.class01.TaskTwo -->
