<?xml version="1.0" encoding="UTF-8"?>
<!-- Generated by org.testng.reporters.JUnitReportReporter -->
<testsuite skipped="0" hostname="DESKTOP-UUA41H2" name="com.test.Test123" tests="1" failures="0" timestamp="2020-05-28T22:50:55 EDT" time="6.372" errors="0">
  <testcase name="test" time="6.372" classname="com.test.Test123"/>
  <system-out/>
</testsuite> <!-- com.test.Test123 -->
