<?xml version="1.0" encoding="UTF-8"?>
<!-- Generated by org.testng.reporters.JUnitReportReporter -->
<testsuite skipped="0" hostname="DESKTOP-UUA41H2" name="com.testng.class02.Task" tests="1" failures="0" timestamp="2020-05-20T22:04:35 EDT" time="10.832" errors="0">
  <testcase name="validLogin" time="10.832" classname="com.testng.class02.Task"/>
  <system-out/>
</testsuite> <!-- com.testng.class02.Task -->
