<?xml version="1.0" encoding="UTF-8"?>
<!-- Generated by org.testng.reporters.JUnitReportReporter -->
<testsuite skipped="0" hostname="DESKTOP-UUA41H2" name="com.testng.class02.HomeWorkHRMS" tests="1" failures="0" timestamp="2020-05-25T22:38:25 EDT" time="35.720" errors="0">
  <testcase name="addEmployee" time="35.720" classname="com.testng.class02.HomeWorkHRMS"/>
  <system-out/>
</testsuite> <!-- com.testng.class02.HomeWorkHRMS -->
